<?xml version="1.0" ?>
<coverage branch-rate="0" branches-covered="0" branches-valid="0" complexity="0" line-rate="0.6667" lines-covered="2" lines-valid="3" timestamp="1523130256858" version="4.5.1">
	<!-- Generated by coverage.py: https://coverage.readthedocs.io -->
	<!-- Based on https://raw.githubusercontent.com/cobertura/web/master/htdocs/xml/coverage-04.dtd -->
	<sources>
		<source>/Users/scrodrig/Documents/Espe/Maestria/myproject5</source>
	</sources>
	<packages>
		<package branch-rate="0" complexity="0" line-rate="0.6667" name="src">
			<classes>
				<class branch-rate="0" complexity="0" filename="src/math_numbers.py" line-rate="0.6667" name="math_numbers.py">
					<methods/>
					<lines>
						<line hits="1" number="1"/>
						<line hits="1" number="3"/>
						<line hits="0" number="5"/>
					</lines>
				</class>
			</classes>
		</package>
	</packages>
</coverage>
